[2026-04-09] 다이제스트 생성 시작... (2026-04-09(1).md)
✓ IT 뉴스 완료 → 2026-04-09(1).md
✓ Java 완료 → 2026-04-09(1).md
✓ Spring Boot 완료 → 2026-04-09(1).md
✓ Database 완료 → 2026-04-09(1).md
[2026-04-09] 다이제스트 생성 완료!
[main 2e8487c] Daily tech digest - 2026-04-09 (2026-04-09(1).md)
 5 files changed, 176 insertions(+)
 create mode 100644 database/2026-04-09(1).md
 create mode 100644 generate.log
 create mode 100644 java/2026-04-09(1).md
 create mode 100644 news/2026-04-09(1).md
 create mode 100644 springboot/2026-04-09(1).md
To github.com:tychejin1218/daily-tech-digest.git
   f97d832..2e8487c  main -> main
[2026-04-09] GitHub push 완료!
[2026-04-10] 다이제스트 생성 시작... (2026-04-10(1).md)
✓ IT 뉴스 완료 → 2026-04-10(1).md
✓ Java 완료 → 2026-04-10(1).md
✓ Spring Boot 완료 → 2026-04-10(1).md
✓ Database 완료 → 2026-04-10(1).md
[2026-04-10] 다이제스트 생성 완료!
